#
# A fatal error has been detected by the Java Runtime Environment:
#
#  EXCEPTION_ACCESS_VIOLATION (0xc0000005) at pc=0x00007ffb9cbae878, pid=20104, tid=22256
#
# JRE version: OpenJDK Runtime Environment (15.0.1+9) (build 15.0.1+9-18)
# Java VM: OpenJDK 64-Bit Server VM (15.0.1+9-18, mixed mode, tiered, compressed oops, g1 gc, windows-amd64)
# Problematic frame:
# V  [jvm.dll+0x20e878]
#
# No core dump will be written. Minidumps are not enabled by default on client versions of Windows
#
# If you would like to submit a bug report, please visit:
#   https://bugreport.java.com/bugreport/crash.jsp
#

---------------  S U M M A R Y ------------

Command Line: -XX:+ShowCodeDetailsInExceptionMessages -agentlib:jdwp=transport=dt_socket,suspend=y,address=localhost:57301 -javaagent:C:\tools\eclipse-jee-2020-12-R-win32-x86_64\eclipse\configuration\org.eclipse.osgi\405\0\.cp\lib\javaagent-shaded.jar -Dfile.encoding=UTF-8 com.project.projectmanagement.ProjectManagementApplication

Host: Intel(R) Core(TM) i5-8500 CPU @ 3.00GHz, 6 cores, 11G,  Windows 10 , 64 bit Build 22621 (10.0.22621.963)
Time: Fri Jan  6 15:15:49 2023 India Standard Time elapsed time: 88.162969 seconds (0d 0h 1m 28s)

---------------  T H R E A D  ---------------

Current thread (0x0000020df93f9790):  JavaThread "JDWP Transport Listener: dt_socket" daemon [_thread_in_vm, id=22256, stack(0x000000e50d300000,0x000000e50d400000)] _threads_hazard_ptr=0x0000020dfa0185a0

Stack: [0x000000e50d300000,0x000000e50d400000],  sp=0x000000e50d3fe5c8,  free space=1017k
Native frames: (J=compiled Java code, j=interpreted, Vv=VM code, C=native code)
V  [jvm.dll+0x20e878]


siginfo: EXCEPTION_ACCESS_VIOLATION (0xc0000005), reading address 0x0000020d84159e88


Register to memory mapping:

RIP=0x00007ffb9cbae878 jvm.dll
RAX=0x0000000000194060 is an unknown value
RBX=0x0000020dfe7a09b8 is pointing into metadata
RCX=0x0000020d83fc5e28 is pointing into metadata
RDX=0x000000000000ca02 is an unknown value
RSP=0x000000e50d3fe5c8 is pointing into the stack for thread: 0x0000020df93f9790
RBP=0x000000e50d3fe700 is pointing into the stack for thread: 0x0000020df93f9790
RSI=0x0 is NULL
RDI=0x000000e50d3fed10 is pointing into the stack for thread: 0x0000020df93f9790
R8 =0x0 is NULL
R9 =0x0000020dfe7a09b8 is pointing into metadata
R10=0x000000e50d3fed10 is pointing into the stack for thread: 0x0000020df93f9790
R11={method} {0x0000020dfe7a0e70} 'listProject' '(Lorg/springframework/ui/Model;Lcom/project/projectmanagement/entity/Login;Ljavax/servlet/http/HttpSession;)Ljava/lang/String;' in 'com/project/projectmanagement/controller/UserController'
R12=0x00007ffb9c9a0000 jvm.dll
R13=0x0000020df9145270 points into unknown readable memory: 0x0000000000000000 | 00 00 00 00 00 00 00 00
R14=0x0000020dfe7a0dff is pointing into metadata
R15=0x000000000000001e is an unknown value


Registers:
RAX=0x0000000000194060, RBX=0x0000020dfe7a09b8, RCX=0x0000020d83fc5e28, RDX=0x000000000000ca02
RSP=0x000000e50d3fe5c8, RBP=0x000000e50d3fe700, RSI=0x0000000000000000, RDI=0x000000e50d3fed10
R8 =0x0000000000000000, R9 =0x0000020dfe7a09b8, R10=0x000000e50d3fed10, R11=0x0000020dfe7a0e68
R12=0x00007ffb9c9a0000, R13=0x0000020df9145270, R14=0x0000020dfe7a0dff, R15=0x000000000000001e
RIP=0x00007ffb9cbae878, EFLAGS=0x0000000000010206

Top of Stack: (sp=0x000000e50d3fe5c8)
0x000000e50d3fe5c8:   00007ffb9cbae8fe 00007ffb00000000
0x000000e50d3fe5d8:   0000000000000000 0000000000000000
0x000000e50d3fe5e8:   0000020df9266160 000000e50d3feb80
0x000000e50d3fe5f8:   00007ffb9cca0134 0000000000000000
0x000000e50d3fe608:   000000000000013a 0000020df9266150
0x000000e50d3fe618:   000000000000013a 000000e50d3fee70
0x000000e50d3fe628:   0000000000000000 0000000000000006
0x000000e50d3fe638:   0000020dfc58ac70 000000000000013a
0x000000e50d3fe648:   0000000000000246 0000000000000000
0x000000e50d3fe658:   0000000000000438 000000e50d3fee70
0x000000e50d3fe668:   0000000000000000 000000e500000010
0x000000e50d3fe678:   000000e50d3fe6f8 000000e50d3fea90
0x000000e50d3fe688:   00007ffbf700a040 0000000000000000
0x000000e50d3fe698:   0000000000000000 0000020dda20c310
0x000000e50d3fe6a8:   000000e50d3fe988 000000e50d3fe968
0x000000e50d3fe6b8:   00007ffbf6f11467 0000020dda20c310 

Instructions: (pc=0x00007ffb9cbae878)
0x00007ffb9cbae778:   03 03 03 03 03 03 03 03 03 03 03 03 03 03 03 03
0x00007ffb9cbae788:   03 03 03 03 03 03 03 03 03 03 03 03 03 03 03 03
0x00007ffb9cbae798:   03 03 03 03 03 03 03 03 03 03 03 03 03 03 03 03
0x00007ffb9cbae7a8:   03 03 03 03 03 03 03 03 03 03 03 03 03 03 03 03
0x00007ffb9cbae7b8:   03 03 03 02 03 03 02 cc 48 89 5c 24 08 48 89 74
0x00007ffb9cbae7c8:   24 10 57 48 83 ec 20 48 63 da 41 0f b6 f0 48 8b
0x00007ffb9cbae7d8:   f9 85 d2 79 24 4c 8d 0d 9c 97 66 00 ba af 02 00
0x00007ffb9cbae7e8:   00 4c 8d 05 c8 97 66 00 48 8d 0d 41 97 66 00 e8
0x00007ffb9cbae7f8:   54 79 00 00 e8 3f c1 41 00 40 84 f6 75 18 48 8b
0x00007ffb9cbae808:   4f 10 48 85 c9 74 0f 48 8d 43 01 48 c1 e0 05 48
0x00007ffb9cbae818:   8b 04 08 0f b7 d8 48 8b 74 24 38 48 63 c3 48 8b
0x00007ffb9cbae828:   5c 24 30 0f b7 44 c7 48 48 83 c4 20 5f c3 cc cc
0x00007ffb9cbae838:   cc cc cc cc cc cc cc cc 4c 8b c9 45 84 c0 75 41
0x00007ffb9cbae848:   48 8b 49 10 48 85 c9 74 38 85 d2 79 19 f7 d2 8b
0x00007ffb9cbae858:   c2 48 ff c0 48 c1 e0 05 48 8b 04 08 0f b7 c8 41
0x00007ffb9cbae868:   0f b7 44 c9 4a c3 48 63 c2 48 ff c0 48 c1 e0 05
0x00007ffb9cbae878:   48 8b 04 08 0f b7 d0 48 63 c2 41 0f b7 44 c1 4a
0x00007ffb9cbae888:   c3 49 8b 41 08 4c 63 c2 42 0f b6 44 00 04 8d 48
0x00007ffb9cbae898:   ef 80 f9 01 76 0e 3c 6a 74 0a 48 63 c2 41 0f b7
0x00007ffb9cbae8a8:   44 c1 4a c3 43 0f b7 44 c1 4a c3 cc cc cc cc cc
0x00007ffb9cbae8b8:   cc cc cc cc cc cc cc cc 40 53 48 83 ec 20 48 8b
0x00007ffb9cbae8c8:   d9 e8 72 ff ff ff 48 63 d0 0f b7 44 d3 48 48 8b
0x00007ffb9cbae8d8:   44 c3 48 48 83 c4 20 5b c3 cc cc cc cc cc cc cc
0x00007ffb9cbae8e8:   cc cc cc cc cc cc cc cc 40 53 48 83 ec 20 48 8b
0x00007ffb9cbae8f8:   d9 e8 42 ff ff ff 48 63 d0 0f b7 44 d3 4a 48 8b
0x00007ffb9cbae908:   44 c3 48 48 83 c4 20 5b c3 cc cc cc cc cc cc cc
0x00007ffb9cbae918:   cc cc cc cc cc cc cc cc 4c 8b d1 45 84 c9 75 28
0x00007ffb9cbae928:   4c 8b 49 10 4d 85 c9 74 1f 45 85 c0 79 08 41 f7
0x00007ffb9cbae938:   d0 41 8b c0 eb 03 49 63 c0 48 ff c0 48 c1 e0 05
0x00007ffb9cbae948:   4a 8b 04 08 44 0f b7 c0 49 8b 42 08 49 63 c8 0f
0x00007ffb9cbae958:   b6 4c 08 04 48 8b c2 88 0a c3 cc cc cc cc cc cc
0x00007ffb9cbae968:   cc cc cc cc cc cc cc cc 40 56 57 41 54 41 56 41 


Stack slot to memory mapping:
stack at sp + 0 slots: 0x00007ffb9cbae8fe jvm.dll
stack at sp + 1 slots: 0x00007ffb00000000 is an unknown value
stack at sp + 2 slots: 0x0 is NULL
stack at sp + 3 slots: 0x0 is NULL
stack at sp + 4 slots: 0x0000020df9266160 points into unknown readable memory: 0x0000000000000524 | 24 05 00 00 00 00 00 00
stack at sp + 5 slots: 0x000000e50d3feb80 is pointing into the stack for thread: 0x0000020df93f9790
stack at sp + 6 slots: 0x00007ffb9cca0134 jvm.dll
stack at sp + 7 slots: 0x0 is NULL


---------------  P R O C E S S  ---------------

Threads class SMR info:
_java_thread_list=0x0000020dfa0185a0, length=25, elements={
0x0000020df9059130, 0x0000020df905bd10, 0x0000020df9083530, 0x0000020df9083df0,
0x0000020df90850b0, 0x0000020df908a1e0, 0x0000020df90894f0, 0x0000020df90b7140,
0x0000020df91f66d0, 0x0000020df93f9790, 0x0000020df934ad20, 0x0000020df934b620,
0x0000020df9c3f450, 0x0000020dff85bb20, 0x0000020dff858630, 0x0000020dff85f010,
0x0000020dff857c90, 0x0000020df9d5ff80, 0x0000020df9d5ca90, 0x0000020df9d5f5e0,
0x0000020df9d60450, 0x0000020df9d63470, 0x0000020df9d5fab0, 0x0000020df9d5e2a0,
0x0000020dff85e670
}

Java Threads: ( => current thread )
  0x0000020df9059130 JavaThread "Reference Handler" daemon [_thread_blocked, id=10224, stack(0x000000e50ca00000,0x000000e50cb00000)]
  0x0000020df905bd10 JavaThread "Finalizer" daemon [_thread_blocked, id=9108, stack(0x000000e50cb00000,0x000000e50cc00000)]
  0x0000020df9083530 JavaThread "Signal Dispatcher" daemon [_thread_blocked, id=20440, stack(0x000000e50cc00000,0x000000e50cd00000)]
  0x0000020df9083df0 JavaThread "Attach Listener" daemon [_thread_blocked, id=18740, stack(0x000000e50cd00000,0x000000e50ce00000)]
  0x0000020df90850b0 JavaThread "Service Thread" daemon [_thread_blocked, id=14328, stack(0x000000e50ce00000,0x000000e50cf00000)]
  0x0000020df908a1e0 JavaThread "C2 CompilerThread0" daemon [_thread_blocked, id=24484, stack(0x000000e50cf00000,0x000000e50d000000)]
  0x0000020df90894f0 JavaThread "C1 CompilerThread0" daemon [_thread_blocked, id=17776, stack(0x000000e50d000000,0x000000e50d100000)]
  0x0000020df90b7140 JavaThread "Sweeper thread" daemon [_thread_blocked, id=7420, stack(0x000000e50d100000,0x000000e50d200000)]
  0x0000020df91f66d0 JavaThread "Common-Cleaner" daemon [_thread_blocked, id=13348, stack(0x000000e50d200000,0x000000e50d300000)]
=>0x0000020df93f9790 JavaThread "JDWP Transport Listener: dt_socket" daemon [_thread_in_vm, id=22256, stack(0x000000e50d300000,0x000000e50d400000)]
  0x0000020df934ad20 JavaThread "JDWP Event Helper Thread" daemon [_thread_blocked, id=16528, stack(0x000000e50d400000,0x000000e50d500000)]
  0x0000020df934b620 JavaThread "JDWP Command Reader" daemon [_thread_in_native, id=23648, stack(0x000000e50d500000,0x000000e50d600000)]
  0x0000020df9c3f450 JavaThread "Notification Thread" daemon [_thread_blocked, id=12220, stack(0x000000e50d700000,0x000000e50d800000)]
  0x0000020dff85bb20 JavaThread "oracle.jdbc.driver.BlockSource.ThreadedCachingBlockSource.BlockReleaser" daemon [_thread_blocked, id=2700, stack(0x000000e50e400000,0x000000e50e500000)]
  0x0000020dff858630 JavaThread "InterruptTimer" daemon [_thread_blocked, id=23092, stack(0x000000e50e500000,0x000000e50e600000)]
  0x0000020dff85f010 JavaThread "Live Reload Server" daemon [_thread_in_native, id=20580, stack(0x000000e50eb00000,0x000000e50ec00000)]
  0x0000020dff857c90 JavaThread "http-nio-8080-exec-4" daemon [_thread_blocked, id=12484, stack(0x000000e50ee00000,0x000000e50ef00000)]
  0x0000020df9d5ff80 JavaThread "DestroyJavaVM" [_thread_blocked, id=22644, stack(0x000000e50c300000,0x000000e50c400000)]
  0x0000020df9d5ca90 JavaThread "Catalina-utility-1" [_thread_blocked, id=14624, stack(0x000000e50e300000,0x000000e50e400000)]
  0x0000020df9d5f5e0 JavaThread "Catalina-utility-2" [_thread_blocked, id=18216, stack(0x000000e50e600000,0x000000e50e700000)]
  0x0000020df9d60450 JavaThread "container-0" [_thread_blocked, id=2956, stack(0x000000e50e700000,0x000000e50e800000)]
  0x0000020df9d63470 JavaThread "OJDBC-WORKER-THREAD-2" daemon [_thread_blocked, id=13132, stack(0x000000e50e900000,0x000000e50ea00000)]
  0x0000020df9d5fab0 JavaThread "HikariPool-2 housekeeper" daemon [_thread_blocked, id=17632, stack(0x000000e50ea00000,0x000000e50eb00000)]
  0x0000020df9d5e2a0 JavaThread "http-nio-8080-exec-3" daemon [_thread_blocked, id=12412, stack(0x000000e50f100000,0x000000e50f200000)]
  0x0000020dff85e670 JavaThread "Thread-11" [_thread_blocked, id=15424, stack(0x000000e50dd00000,0x000000e50de00000)]

Other Threads:
  0x0000020df9023440 VMThread "VM Thread" [stack: 0x000000e50c900000,0x000000e50ca00000] [id=18480]
  0x0000020df93aa540 WatcherThread [stack: 0x000000e50d800000,0x000000e50d900000] [id=16448]
  0x0000020ddc493700 GCTaskThread "GC Thread#0" [stack: 0x000000e50c400000,0x000000e50c500000] [id=13220]
  0x0000020df92f4420 GCTaskThread "GC Thread#1" [stack: 0x000000e50d900000,0x000000e50da00000] [id=21448]
  0x0000020df92f2110 GCTaskThread "GC Thread#2" [stack: 0x000000e50da00000,0x000000e50db00000] [id=7436]
  0x0000020df92f5a70 GCTaskThread "GC Thread#3" [stack: 0x000000e50db00000,0x000000e50dc00000] [id=23080]
  0x0000020df92f2aa0 GCTaskThread "GC Thread#4" [stack: 0x000000e50de00000,0x000000e50df00000] [id=6816]
  0x0000020df92f3a90 GCTaskThread "GC Thread#5" [stack: 0x000000e50df00000,0x000000e50e000000] [id=2132]
  0x0000020ddc49d740 ConcurrentGCThread "G1 Main Marker" [stack: 0x000000e50c500000,0x000000e50c600000] [id=16840]
  0x0000020ddc4a1f80 ConcurrentGCThread "G1 Conc#0" [stack: 0x000000e50c600000,0x000000e50c700000] [id=12432]
  0x0000020df92f4a80 ConcurrentGCThread "G1 Conc#1" [stack: 0x000000e50e100000,0x000000e50e200000] [id=15384]
  0x0000020ddc4e8310 ConcurrentGCThread "G1 Refine#0" [stack: 0x000000e50c700000,0x000000e50c800000] [id=9432]
  0x0000020df86634d0 ConcurrentGCThread "G1 Young RemSet Sampling" [stack: 0x000000e50c800000,0x000000e50c900000] [id=18904]

Threads with active compile tasks:

VM state: not at safepoint (normal execution)

VM Mutex/Monitor currently owned by a thread: None

Heap address: 0x0000000743200000, size: 3022 MB, Compressed Oops mode: Zero based, Oop shift amount: 3
CDS disabled.
Compressed class space mapped at: 0x0000000800000000-0x0000000840000000, size: 1073741824
Narrow klass base: 0x0000000800000000, Narrow klass shift: 0, Narrow klass range: 0x40000000

GC Precious Log:
 CPUs: 6 total, 6 available
 Memory: 12084M
 Large Page Support: Disabled
 NUMA Support: Disabled
 Compressed Oops: Enabled (Zero based)
 Heap Region Size: 2M
 Heap Min Capacity: 8M
 Heap Initial Capacity: 190M
 Heap Max Capacity: 3022M
 Pre-touch: Disabled
 Parallel Workers: 6
 Concurrent Workers: 2
 Concurrent Refinement Workers: 6
 Periodic GC: Disabled

Heap:
 garbage-first heap   total 96256K, used 61302K [0x0000000743200000, 0x0000000800000000)
  region size 2048K, 19 young (38912K), 2 survivors (4096K)
 Metaspace       used 80103K, capacity 80758K, committed 81024K, reserved 1120256K
  class space    used 9594K, capacity 9819K, committed 9856K, reserved 1048576K

Heap Regions: E=young(eden), S=young(survivor), O=old, HS=humongous(starts), HC=humongous(continues), CS=collection set, F=free, OA=open archive, CA=closed archive, TAMS=top-at-mark-start (previous, next)
|   0|0x0000000743200000, 0x00000007433fff90, 0x0000000743400000| 99%| O|  |TAMS 0x0000000743200000, 0x0000000743200000| Untracked 
|   1|0x0000000743400000, 0x00000007435ffff8, 0x0000000743600000| 99%| O|  |TAMS 0x0000000743400000, 0x0000000743400000| Untracked 
|   2|0x0000000743600000, 0x0000000743800000, 0x0000000743800000|100%| O|  |TAMS 0x0000000743600000, 0x0000000743600000| Untracked 
|   3|0x0000000743800000, 0x00000007439fffd0, 0x0000000743a00000| 99%| O|  |TAMS 0x0000000743800000, 0x0000000743800000| Untracked 
|   4|0x0000000743a00000, 0x0000000743bffff0, 0x0000000743c00000| 99%| O|  |TAMS 0x0000000743a00000, 0x0000000743a00000| Untracked 
|   5|0x0000000743c00000, 0x0000000743dffff0, 0x0000000743e00000| 99%| O|  |TAMS 0x0000000743c00000, 0x0000000743c00000| Untracked 
|   6|0x0000000743e00000, 0x0000000743ffffc8, 0x0000000744000000| 99%| O|  |TAMS 0x0000000743e00000, 0x0000000743e00000| Untracked 
|   7|0x0000000744000000, 0x00000007441ffff8, 0x0000000744200000| 99%| O|  |TAMS 0x0000000744000000, 0x0000000744000000| Untracked 
|   8|0x0000000744200000, 0x00000007443ffff0, 0x0000000744400000| 99%| O|  |TAMS 0x0000000744200000, 0x0000000744200000| Untracked 
|   9|0x0000000744400000, 0x00000007445ff9e0, 0x0000000744600000| 99%| O|  |TAMS 0x0000000744400000, 0x0000000744400000| Untracked 
|  10|0x0000000744600000, 0x00000007447a5438, 0x0000000744800000| 82%| O|  |TAMS 0x0000000744600000, 0x0000000744600000| Untracked 
|  11|0x0000000744800000, 0x0000000744909848, 0x0000000744a00000| 51%| O|  |TAMS 0x0000000744800000, 0x0000000744800000| Untracked 
|  12|0x0000000744a00000, 0x0000000744a7b8f0, 0x0000000744c00000| 24%| O|  |TAMS 0x0000000744a00000, 0x0000000744a00000| Untracked 
|  13|0x0000000744c00000, 0x0000000744c00000, 0x0000000744e00000|  0%| F|  |TAMS 0x0000000744c00000, 0x0000000744c00000| Untracked 
|  14|0x0000000744e00000, 0x0000000744e00000, 0x0000000745000000|  0%| F|  |TAMS 0x0000000744e00000, 0x0000000744e00000| Untracked 
|  15|0x0000000745000000, 0x0000000745000000, 0x0000000745200000|  0%| F|  |TAMS 0x0000000745000000, 0x0000000745000000| Untracked 
|  16|0x0000000745200000, 0x0000000745200000, 0x0000000745400000|  0%| F|  |TAMS 0x0000000745200000, 0x0000000745200000| Untracked 
|  17|0x0000000745400000, 0x0000000745400000, 0x0000000745600000|  0%| F|  |TAMS 0x0000000745400000, 0x0000000745400000| Untracked 
|  18|0x0000000745600000, 0x0000000745600000, 0x0000000745800000|  0%| F|  |TAMS 0x0000000745600000, 0x0000000745600000| Untracked 
|  19|0x0000000745800000, 0x0000000745800000, 0x0000000745a00000|  0%| F|  |TAMS 0x0000000745800000, 0x0000000745800000| Untracked 
|  20|0x0000000745a00000, 0x0000000745b05508, 0x0000000745c00000| 51%| O|  |TAMS 0x0000000745a00000, 0x0000000745a00000| Untracked 
|  21|0x0000000745c00000, 0x0000000745c00000, 0x0000000745e00000|  0%| F|  |TAMS 0x0000000745c00000, 0x0000000745c00000| Untracked 
|  22|0x0000000745e00000, 0x0000000745e00000, 0x0000000746000000|  0%| F|  |TAMS 0x0000000745e00000, 0x0000000745e00000| Untracked 
|  23|0x0000000746000000, 0x00000007461ae698, 0x0000000746200000| 84%| S|CS|TAMS 0x0000000746000000, 0x0000000746000000| Complete 
|  24|0x0000000746200000, 0x0000000746400000, 0x0000000746400000|100%| S|CS|TAMS 0x0000000746200000, 0x0000000746200000| Complete 
|  25|0x0000000746400000, 0x0000000746400000, 0x0000000746600000|  0%| F|  |TAMS 0x0000000746400000, 0x0000000746400000| Untracked 
|  26|0x0000000746600000, 0x0000000746600000, 0x0000000746800000|  0%| F|  |TAMS 0x0000000746600000, 0x0000000746600000| Untracked 
|  27|0x0000000746800000, 0x0000000746800000, 0x0000000746a00000|  0%| F|  |TAMS 0x0000000746800000, 0x0000000746800000| Untracked 
|  28|0x0000000746a00000, 0x0000000746a00000, 0x0000000746c00000|  0%| F|  |TAMS 0x0000000746a00000, 0x0000000746a00000| Untracked 
|  29|0x0000000746c00000, 0x0000000746c00000, 0x0000000746e00000|  0%| F|  |TAMS 0x0000000746c00000, 0x0000000746c00000| Untracked 
|  30|0x0000000746e00000, 0x0000000746e2c5d8, 0x0000000747000000|  8%| E|  |TAMS 0x0000000746e00000, 0x0000000746e00000| Complete 
|  31|0x0000000747000000, 0x0000000747200000, 0x0000000747200000|100%| E|CS|TAMS 0x0000000747000000, 0x0000000747000000| Complete 
|  32|0x0000000747200000, 0x0000000747400000, 0x0000000747400000|100%| E|CS|TAMS 0x0000000747200000, 0x0000000747200000| Complete 
|  33|0x0000000747400000, 0x0000000747600000, 0x0000000747600000|100%| E|CS|TAMS 0x0000000747400000, 0x0000000747400000| Complete 
|  34|0x0000000747600000, 0x0000000747800000, 0x0000000747800000|100%| E|CS|TAMS 0x0000000747600000, 0x0000000747600000| Complete 
|  35|0x0000000747800000, 0x0000000747a00000, 0x0000000747a00000|100%| E|CS|TAMS 0x0000000747800000, 0x0000000747800000| Complete 
|  36|0x0000000747a00000, 0x0000000747c00000, 0x0000000747c00000|100%| E|CS|TAMS 0x0000000747a00000, 0x0000000747a00000| Complete 
|  37|0x0000000747c00000, 0x0000000747e00000, 0x0000000747e00000|100%| E|CS|TAMS 0x0000000747c00000, 0x0000000747c00000| Complete 
|  38|0x0000000747e00000, 0x0000000748000000, 0x0000000748000000|100%| E|CS|TAMS 0x0000000747e00000, 0x0000000747e00000| Complete 
|  39|0x0000000748000000, 0x0000000748200000, 0x0000000748200000|100%| E|CS|TAMS 0x0000000748000000, 0x0000000748000000| Complete 
|  40|0x0000000748200000, 0x0000000748400000, 0x0000000748400000|100%| E|CS|TAMS 0x0000000748200000, 0x0000000748200000| Complete 
|  41|0x0000000748400000, 0x0000000748600000, 0x0000000748600000|100%| E|CS|TAMS 0x0000000748400000, 0x0000000748400000| Complete 
|  42|0x0000000748600000, 0x0000000748800000, 0x0000000748800000|100%| E|CS|TAMS 0x0000000748600000, 0x0000000748600000| Complete 
|  43|0x0000000748800000, 0x0000000748a00000, 0x0000000748a00000|100%| E|CS|TAMS 0x0000000748800000, 0x0000000748800000| Complete 
|  44|0x0000000748a00000, 0x0000000748c00000, 0x0000000748c00000|100%| E|CS|TAMS 0x0000000748a00000, 0x0000000748a00000| Complete 
|  45|0x0000000748c00000, 0x0000000748e00000, 0x0000000748e00000|100%| E|CS|TAMS 0x0000000748c00000, 0x0000000748c00000| Complete 
|  46|0x0000000748e00000, 0x0000000749000000, 0x0000000749000000|100%| E|CS|TAMS 0x0000000748e00000, 0x0000000748e00000| Complete 

Card table byte_map: [0x0000020def540000,0x0000020defb30000] _byte_map_base: 0x0000020debb27000

Marking Bits (Prev, Next): (CMBitMap*) 0x0000020ddc493f30, (CMBitMap*) 0x0000020ddc493ef0
 Prev Bits: [0x0000020df3060000, 0x0000020df5f98000)
 Next Bits: [0x0000020df0120000, 0x0000020df3058000)

Polling page: 0x0000020dd9950000

Metaspace:

Usage:
  Non-class:     69.28 MB capacity,    68.86 MB (>99%) used,   332.65 KB ( <1%) free+waste,    97.19 KB ( <1%) overhead. 
      Class:      9.59 MB capacity,     9.37 MB ( 98%) used,   190.52 KB (  2%) free+waste,    34.19 KB ( <1%) overhead. 
       Both:     78.87 MB capacity,    78.23 MB (>99%) used,   523.16 KB ( <1%) free+waste,   131.38 KB ( <1%) overhead. 

Virtual space:
  Non-class space:       70.00 MB reserved,      69.50 MB (>99%) committed 
      Class space:        1.00 GB reserved,       9.62 MB ( <1%) committed 
             Both:        1.07 GB reserved,      79.12 MB (  7%) committed 

Chunk freelists:
   Non-Class:  37.00 KB
       Class:  5.00 KB
        Both:  42.00 KB

MaxMetaspaceSize: 17179869184.00 GB
CompressedClassSpaceSize: 1.00 GB

CodeHeap 'non-profiled nmethods': size=120000Kb used=4810Kb max_used=4810Kb free=115189Kb
 bounds [0x0000020de7910000, 0x0000020de7dd0000, 0x0000020deee40000]
CodeHeap 'profiled nmethods': size=120000Kb used=13110Kb max_used=13110Kb free=106889Kb
 bounds [0x0000020de03e0000, 0x0000020de10b0000, 0x0000020de7910000]
CodeHeap 'non-nmethods': size=5760Kb used=1474Kb max_used=1609Kb free=4285Kb
 bounds [0x0000020ddfe40000, 0x0000020de00b0000, 0x0000020de03e0000]
 total_blobs=7386 nmethods=6686 adapters=612
 compilation: enabled
              stopped_count=0, restarted_count=0
 full_count=0

Compilation events (20 events):
Event: 83.161 Thread 0x0000020df90894f0 7353       1       org.apache.catalina.core.ContainerBase::getName (5 bytes)
Event: 83.161 Thread 0x0000020df90894f0 nmethod 7353 0x0000020de7dc1b10 code [0x0000020de7dc1ca0, 0x0000020de7dc1d58]
Event: 83.460 Thread 0x0000020df90894f0 7354   !   3       sun.nio.ch.WindowsSelectorImpl$SubSelector::processFDSet (177 bytes)
Event: 83.463 Thread 0x0000020df90894f0 nmethod 7354 0x0000020de10ab510 code [0x0000020de10ab760, 0x0000020de10ac3b8]
Event: 84.165 Thread 0x0000020df90894f0 7355       1       java.text.DontCareFieldPosition::getFieldDelegate (5 bytes)
Event: 84.165 Thread 0x0000020df90894f0 nmethod 7355 0x0000020de7dc1e10 code [0x0000020de7dc1fa0, 0x0000020de7dc2058]
Event: 84.165 Thread 0x0000020df90894f0 7356       1       ch.qos.logback.classic.spi.LoggingEvent::getLevel (5 bytes)
Event: 84.166 Thread 0x0000020df90894f0 nmethod 7356 0x0000020de7dc2110 code [0x0000020de7dc22a0, 0x0000020de7dc2358]
Event: 84.523 Thread 0x0000020df90894f0 7357       1       java.util.concurrent.ThreadPoolExecutor::getQueue (5 bytes)
Event: 84.523 Thread 0x0000020df90894f0 nmethod 7357 0x0000020de7dc2410 code [0x0000020de7dc25a0, 0x0000020de7dc2658]
Event: 85.273 Thread 0x0000020df90894f0 7358       1       sun.util.calendar.CalendarDate::getDayOfMonth (5 bytes)
Event: 85.274 Thread 0x0000020df90894f0 nmethod 7358 0x0000020de7dc2710 code [0x0000020de7dc28a0, 0x0000020de7dc2958]
Event: 85.279 Thread 0x0000020df90894f0 7359       3       sun.net.www.ParseUtil::encodePath (41 bytes)
Event: 85.279 Thread 0x0000020df90894f0 nmethod 7359 0x0000020de10ac990 code [0x0000020de10acb60, 0x0000020de10acda8]
Event: 85.282 Thread 0x0000020df90894f0 7360       3       java.util.concurrent.locks.AbstractQueuedSynchronizer$Node::clearStatus (12 bytes)
Event: 85.282 Thread 0x0000020df90894f0 nmethod 7360 0x0000020de10ace90 code [0x0000020de10ad040, 0x0000020de10ad208]
Event: 85.282 Thread 0x0000020df90894f0 7361       3       jdk.internal.misc.Unsafe::putIntOpaque (9 bytes)
Event: 85.283 Thread 0x0000020df90894f0 nmethod 7361 0x0000020de10ad290 code [0x0000020de10ad420, 0x0000020de10ad538]
Event: 85.522 Thread 0x0000020df90894f0 7362       3       java.util.concurrent.locks.AbstractQueuedSynchronizer$Node::<init> (5 bytes)
Event: 85.522 Thread 0x0000020df90894f0 nmethod 7362 0x0000020de10ad610 code [0x0000020de10ad7a0, 0x0000020de10ad8f8]

GC Heap History (20 events):
Event: 4.561 GC heap before
{Heap before GC invocations=18 (full 0):
 garbage-first heap   total 81920K, used 58426K [0x0000000743200000, 0x0000000800000000)
  region size 2048K, 24 young (49152K), 3 survivors (6144K)
 Metaspace       used 54464K, capacity 54950K, committed 55168K, reserved 1097728K
  class space    used 6306K, capacity 6504K, committed 6528K, reserved 1048576K
}
Event: 4.565 GC heap after
{Heap after GC invocations=19 (full 0):
 garbage-first heap   total 81920K, used 18183K [0x0000000743200000, 0x0000000800000000)
  region size 2048K, 2 young (4096K), 2 survivors (4096K)
 Metaspace       used 54464K, capacity 54950K, committed 55168K, reserved 1097728K
  class space    used 6306K, capacity 6504K, committed 6528K, reserved 1048576K
}
Event: 4.826 GC heap before
{Heap before GC invocations=19 (full 0):
 garbage-first heap   total 81920K, used 61191K [0x0000000743200000, 0x0000000800000000)
  region size 2048K, 24 young (49152K), 2 survivors (4096K)
 Metaspace       used 58705K, capacity 59140K, committed 59264K, reserved 1101824K
  class space    used 6849K, capacity 7022K, committed 7040K, reserved 1048576K
}
Event: 4.830 GC heap after
{Heap after GC invocations=20 (full 0):
 garbage-first heap   total 81920K, used 19770K [0x0000000743200000, 0x0000000800000000)
  region size 2048K, 2 young (4096K), 2 survivors (4096K)
 Metaspace       used 58705K, capacity 59140K, committed 59264K, reserved 1101824K
  class space    used 6849K, capacity 7022K, committed 7040K, reserved 1048576K
}
Event: 4.888 GC heap before
{Heap before GC invocations=20 (full 0):
 garbage-first heap   total 81920K, used 23866K [0x0000000743200000, 0x0000000800000000)
  region size 2048K, 6 young (12288K), 2 survivors (4096K)
 Metaspace       used 59623K, capacity 60074K, committed 60160K, reserved 1101824K
  class space    used 6950K, capacity 7119K, committed 7168K, reserved 1048576K
}
Event: 4.891 GC heap after
{Heap after GC invocations=21 (full 0):
 garbage-first heap   total 81920K, used 20252K [0x0000000743200000, 0x0000000800000000)
  region size 2048K, 2 young (4096K), 2 survivors (4096K)
 Metaspace       used 59623K, capacity 60074K, committed 60160K, reserved 1101824K
  class space    used 6950K, capacity 7119K, committed 7168K, reserved 1048576K
}
Event: 5.236 GC heap before
{Heap before GC invocations=22 (full 0):
 garbage-first heap   total 81920K, used 65308K [0x0000000743200000, 0x0000000800000000)
  region size 2048K, 24 young (49152K), 2 survivors (4096K)
 Metaspace       used 63310K, capacity 63884K, committed 64128K, reserved 1105920K
  class space    used 7614K, capacity 7806K, committed 7808K, reserved 1048576K
}
Event: 5.239 GC heap after
{Heap after GC invocations=23 (full 0):
 garbage-first heap   total 98304K, used 20846K [0x0000000743200000, 0x0000000800000000)
  region size 2048K, 2 young (4096K), 2 survivors (4096K)
 Metaspace       used 63310K, capacity 63884K, committed 64128K, reserved 1105920K
  class space    used 7614K, capacity 7806K, committed 7808K, reserved 1048576K
}
Event: 5.751 GC heap before
{Heap before GC invocations=23 (full 0):
 garbage-first heap   total 98304K, used 72046K [0x0000000743200000, 0x0000000800000000)
  region size 2048K, 28 young (57344K), 2 survivors (4096K)
 Metaspace       used 68011K, capacity 68542K, committed 68608K, reserved 1110016K
  class space    used 8238K, capacity 8419K, committed 8448K, reserved 1048576K
}
Event: 5.755 GC heap after
{Heap after GC invocations=24 (full 0):
 garbage-first heap   total 98304K, used 22796K [0x0000000743200000, 0x0000000800000000)
  region size 2048K, 3 young (6144K), 3 survivors (6144K)
 Metaspace       used 68011K, capacity 68542K, committed 68608K, reserved 1110016K
  class space    used 8238K, capacity 8419K, committed 8448K, reserved 1048576K
}
Event: 6.230 GC heap before
{Heap before GC invocations=24 (full 0):
 garbage-first heap   total 98304K, used 73996K [0x0000000743200000, 0x0000000800000000)
  region size 2048K, 28 young (57344K), 3 survivors (6144K)
 Metaspace       used 71130K, capacity 71687K, committed 71808K, reserved 1112064K
  class space    used 8636K, capacity 8820K, committed 8832K, reserved 1048576K
}
Event: 6.241 GC heap after
{Heap after GC invocations=25 (full 0):
 garbage-first heap   total 98304K, used 25754K [0x0000000743200000, 0x0000000800000000)
  region size 2048K, 3 young (6144K), 3 survivors (6144K)
 Metaspace       used 71130K, capacity 71687K, committed 71808K, reserved 1112064K
  class space    used 8636K, capacity 8820K, committed 8832K, reserved 1048576K
}
Event: 15.941 GC heap before
{Heap before GC invocations=25 (full 0):
 garbage-first heap   total 98304K, used 76954K [0x0000000743200000, 0x0000000800000000)
  region size 2048K, 28 young (57344K), 3 survivors (6144K)
 Metaspace       used 76068K, capacity 76627K, committed 76800K, reserved 1116160K
  class space    used 9221K, capacity 9399K, committed 9472K, reserved 1048576K
}
Event: 15.950 GC heap after
{Heap after GC invocations=26 (full 0):
 garbage-first heap   total 98304K, used 28508K [0x0000000743200000, 0x0000000800000000)
  region size 2048K, 3 young (6144K), 3 survivors (6144K)
 Metaspace       used 76068K, capacity 76627K, committed 76800K, reserved 1116160K
  class space    used 9221K, capacity 9399K, committed 9472K, reserved 1048576K
}
Event: 64.612 GC heap before
{Heap before GC invocations=26 (full 0):
 garbage-first heap   total 98304K, used 57180K [0x0000000743200000, 0x0000000800000000)
  region size 2048K, 19 young (38912K), 3 survivors (6144K)
 Metaspace       used 79034K, capacity 79617K, committed 79744K, reserved 1120256K
  class space    used 9561K, capacity 9766K, committed 9856K, reserved 1048576K
}
Event: 64.646 GC heap after
{Heap after GC invocations=27 (full 1):
 garbage-first heap   total 96256K, used 24764K [0x0000000743200000, 0x0000000800000000)
  region size 2048K, 0 young (0K), 0 survivors (0K)
 Metaspace       used 79034K, capacity 79617K, committed 79744K, reserved 1120256K
  class space    used 9561K, capacity 9766K, committed 9856K, reserved 1048576K
}
Event: 64.967 GC heap before
{Heap before GC invocations=27 (full 1):
 garbage-first heap   total 96256K, used 71868K [0x0000000743200000, 0x0000000800000000)
  region size 2048K, 24 young (49152K), 0 survivors (0K)
 Metaspace       used 79342K, capacity 79993K, committed 80256K, reserved 1120256K
  class space    used 9571K, capacity 9806K, committed 9856K, reserved 1048576K
}
Event: 64.970 GC heap after
{Heap after GC invocations=28 (full 1):
 garbage-first heap   total 96256K, used 27544K [0x0000000743200000, 0x0000000800000000)
  region size 2048K, 2 young (4096K), 2 survivors (4096K)
 Metaspace       used 79342K, capacity 79993K, committed 80256K, reserved 1120256K
  class space    used 9571K, capacity 9806K, committed 9856K, reserved 1048576K
}
Event: 65.314 GC heap before
{Heap before GC invocations=28 (full 1):
 garbage-first heap   total 96256K, used 70552K [0x0000000743200000, 0x0000000800000000)
  region size 2048K, 24 young (49152K), 2 survivors (4096K)
 Metaspace       used 79761K, capacity 80457K, committed 80512K, reserved 1120256K
  class space    used 9583K, capacity 9809K, committed 9856K, reserved 1048576K
}
Event: 65.318 GC heap after
{Heap after GC invocations=29 (full 1):
 garbage-first heap   total 96256K, used 28534K [0x0000000743200000, 0x0000000800000000)
  region size 2048K, 2 young (4096K), 2 survivors (4096K)
 Metaspace       used 79761K, capacity 80457K, committed 80512K, reserved 1120256K
  class space    used 9583K, capacity 9809K, committed 9856K, reserved 1048576K
}

Deoptimization events (20 events):
Event: 85.280 Thread 0x0000020dff85e670 DEOPT PACKING pc=0x0000020de087d064 sp=0x000000e50ddfba20
Event: 85.280 Thread 0x0000020dff85e670 DEOPT UNPACKING pc=0x0000020ddfe8e23f sp=0x000000e50ddfafe0 mode 1
Event: 85.280 Thread 0x0000020dff85e670 DEOPT PACKING pc=0x0000020de087fba1 sp=0x000000e50ddfb420
Event: 85.280 Thread 0x0000020dff85e670 DEOPT UNPACKING pc=0x0000020ddfe8e23f sp=0x000000e50ddfa908 mode 1
Event: 85.280 Thread 0x0000020dff85e670 DEOPT PACKING pc=0x0000020de09d712c sp=0x000000e50ddfb4c0
Event: 85.280 Thread 0x0000020dff85e670 DEOPT UNPACKING pc=0x0000020ddfe8e23f sp=0x000000e50ddfaa48 mode 1
Event: 85.280 Thread 0x0000020dff85e670 DEOPT PACKING pc=0x0000020de087d064 sp=0x000000e50ddfb600
Event: 85.280 Thread 0x0000020dff85e670 DEOPT UNPACKING pc=0x0000020ddfe8e23f sp=0x000000e50ddfabc0 mode 1
Event: 85.280 Thread 0x0000020dff85e670 DEOPT PACKING pc=0x0000020de087fba1 sp=0x000000e50ddfb410
Event: 85.280 Thread 0x0000020dff85e670 DEOPT UNPACKING pc=0x0000020ddfe8e23f sp=0x000000e50ddfa8f8 mode 1
Event: 85.280 Thread 0x0000020dff85e670 DEOPT PACKING pc=0x0000020de09d712c sp=0x000000e50ddfb4b0
Event: 85.280 Thread 0x0000020dff85e670 DEOPT UNPACKING pc=0x0000020ddfe8e23f sp=0x000000e50ddfaa38 mode 1
Event: 85.280 Thread 0x0000020dff85e670 DEOPT PACKING pc=0x0000020de087d064 sp=0x000000e50ddfb5f0
Event: 85.280 Thread 0x0000020dff85e670 DEOPT UNPACKING pc=0x0000020ddfe8e23f sp=0x000000e50ddfabb0 mode 1
Event: 85.280 Thread 0x0000020dff85e670 DEOPT PACKING pc=0x0000020de087fba1 sp=0x000000e50ddfb7d0
Event: 85.280 Thread 0x0000020dff85e670 DEOPT UNPACKING pc=0x0000020ddfe8e23f sp=0x000000e50ddfacb8 mode 1
Event: 85.280 Thread 0x0000020dff85e670 DEOPT PACKING pc=0x0000020de09d712c sp=0x000000e50ddfb870
Event: 85.280 Thread 0x0000020dff85e670 DEOPT UNPACKING pc=0x0000020ddfe8e23f sp=0x000000e50ddfadf8 mode 1
Event: 85.280 Thread 0x0000020dff85e670 DEOPT PACKING pc=0x0000020de087d064 sp=0x000000e50ddfb9b0
Event: 85.280 Thread 0x0000020dff85e670 DEOPT UNPACKING pc=0x0000020ddfe8e23f sp=0x000000e50ddfaf70 mode 1

Classes unloaded (0 events):
No events

Classes redefined (3 events):
Event: 56.193 Thread 0x0000020df9023440 redefined class name=com.project.projectmanagement.controller.UserController, count=1
Event: 82.160 Thread 0x0000020df9023440 redefined class name=com.project.projectmanagement.controller.UserController, count=1
Event: 82.160 Thread 0x0000020df9023440 redefined class name=com.project.projectmanagement.controller.UserController, count=2

Internal exceptions (20 events):
Event: 64.923 Thread 0x0000020df9d63e10 Exception <a 'java/lang/NoClassDefFoundError'{0x00000007478ecdc8}: org/springframework/batch/core/repository/JobRepository> (0x00000007478ecdc8) 
thrown [./open/src/hotspot/share/oops/constantPool.cpp, line 804]
Event: 64.924 Thread 0x0000020df9d63e10 Exception <a 'java/lang/NoClassDefFoundError'{0x00000007478ed100}: org/quartz/Scheduler> (0x00000007478ed100) 
thrown [./open/src/hotspot/share/oops/constantPool.cpp, line 804]
Event: 64.924 Thread 0x0000020df9d63e10 Exception <a 'java/lang/NoClassDefFoundError'{0x00000007478ed438}: org/springframework/session/jdbc/JdbcIndexedSessionRepository> (0x00000007478ed438) 
thrown [./open/src/hotspot/share/oops/constantPool.cpp, line 804]
Event: 64.927 Thread 0x0000020df9d63e10 Implicit null exception at 0x0000020de7c0faea to 0x0000020de7c1423c
Event: 64.977 Thread 0x0000020df9d63e10 Exception <a 'sun/nio/fs/WindowsException'{0x0000000747cc72d0}> (0x0000000747cc72d0) 
thrown [./open/src/hotspot/share/prims/jni.cpp, line 578]
Event: 64.977 Thread 0x0000020df9d63e10 Exception <a 'sun/nio/fs/WindowsException'{0x0000000747cc78d8}> (0x0000000747cc78d8) 
thrown [./open/src/hotspot/share/prims/jni.cpp, line 578]
Event: 64.977 Thread 0x0000020df9d63e10 Exception <a 'sun/nio/fs/WindowsException'{0x0000000747cc7fb0}> (0x0000000747cc7fb0) 
thrown [./open/src/hotspot/share/prims/jni.cpp, line 578]
Event: 64.990 Thread 0x0000020df9d63e10 Exception <a 'java/io/FileNotFoundException'{0x0000000747cfbd90}> (0x0000000747cfbd90) 
thrown [./open/src/hotspot/share/prims/jni.cpp, line 578]
Event: 65.266 Thread 0x0000020df9d63e10 Implicit null exception at 0x0000020de7d39c23 to 0x0000020de7d3f748
Event: 65.266 Thread 0x0000020df9d63e10 Implicit null exception at 0x0000020de7d2d510 to 0x0000020de7d329a0
Event: 65.284 Thread 0x0000020df9d63e10 Exception <a 'java/lang/ClassNotFoundException'{0x0000000746809728}: java/lang/ObjectCustomizer> (0x0000000746809728) 
thrown [./open/src/hotspot/share/classfile/systemDictionary.cpp, line 295]
Event: 65.285 Thread 0x0000020df9d63e10 Exception <a 'java/lang/ClassNotFoundException'{0x00000007468122a0}: com/project/projectmanagement/entity/PersonCustomizer> (0x00000007468122a0) 
thrown [./open/src/hotspot/share/classfile/systemDictionary.cpp, line 295]
Event: 65.287 Thread 0x0000020df9d63e10 Exception <a 'java/lang/ClassNotFoundException'{0x00000007468515a0}: java/lang/ObjectCustomizer> (0x00000007468515a0) 
thrown [./open/src/hotspot/share/classfile/systemDictionary.cpp, line 295]
Event: 65.288 Thread 0x0000020df9d63e10 Exception <a 'java/lang/ClassNotFoundException'{0x000000074685a910}: com/project/projectmanagement/entity/LoginCustomizer> (0x000000074685a910) 
thrown [./open/src/hotspot/share/classfile/systemDictionary.cpp, line 295]
Event: 65.328 Thread 0x0000020df9d63e10 Exception <a 'java/lang/reflect/InvocationTargetException'{0x0000000748a70128}> (0x0000000748a70128) 
thrown [./open/src/hotspot/share/runtime/reflection.cpp, line 1157]
Event: 65.335 Thread 0x0000020df9d63e10 Exception <a 'java/lang/ClassNotFoundException'{0x0000000748b10998}: java/lang/ObjectCustomizer> (0x0000000748b10998) 
thrown [./open/src/hotspot/share/classfile/systemDictionary.cpp, line 295]
Event: 65.336 Thread 0x0000020df9d63e10 Exception <a 'java/lang/ClassNotFoundException'{0x0000000748b19540}: com/project/projectmanagement/entity/ProjectCustomizer> (0x0000000748b19540) 
thrown [./open/src/hotspot/share/classfile/systemDictionary.cpp, line 295]
Event: 65.339 Thread 0x0000020df9d63e10 Exception <a 'java/lang/ClassNotFoundException'{0x0000000748b58f98}: java/lang/ObjectCustomizer> (0x0000000748b58f98) 
thrown [./open/src/hotspot/share/classfile/systemDictionary.cpp, line 295]
Event: 65.340 Thread 0x0000020df9d63e10 Exception <a 'java/lang/ClassNotFoundException'{0x0000000748b62308}: com/project/projectmanagement/entity/TaskCustomizer> (0x0000000748b62308) 
thrown [./open/src/hotspot/share/classfile/systemDictionary.cpp, line 295]
Event: 65.429 Thread 0x0000020df9d63e10 Implicit null exception at 0x0000020de7d799a7 to 0x0000020de7d79a38

Events (20 events):
Event: 82.424 Executing VM operation: get/set locals done
Event: 83.151 Thread 0x0000020dff85e670 Thread added: 0x0000020dff85e670
Event: 83.151 Thread 0x0000020df9d60920 Thread exited: 0x0000020df9d60920
Event: 83.160 Thread 0x0000020dff85d330 Thread exited: 0x0000020dff85d330
Event: 85.280 Executing VM operation: ThreadDump
Event: 85.281 Executing VM operation: ThreadDump done
Event: 85.281 Executing VM operation: ThreadDump
Event: 85.281 Executing VM operation: ThreadDump done
Event: 85.282 Thread 0x0000020dff85a310 Thread exited: 0x0000020dff85a310
Event: 85.282 Thread 0x0000020df9d5e770 Thread exited: 0x0000020df9d5e770
Event: 85.282 Thread 0x0000020df9d61c60 Thread exited: 0x0000020df9d61c60
Event: 85.282 Thread 0x0000020df9d612c0 Thread exited: 0x0000020df9d612c0
Event: 85.282 Thread 0x0000020df9d62600 Thread exited: 0x0000020df9d62600
Event: 85.282 Thread 0x0000020df9d61790 Thread exited: 0x0000020df9d61790
Event: 85.283 Thread 0x0000020dff85bff0 Thread exited: 0x0000020dff85bff0
Event: 85.283 Thread 0x0000020df9d5ddd0 Thread exited: 0x0000020df9d5ddd0
Event: 85.283 Thread 0x0000020df9d5ec40 Thread exited: 0x0000020df9d5ec40
Event: 85.283 Thread 0x0000020df9d62130 Thread exited: 0x0000020df9d62130
Event: 88.137 Executing VM operation: GetFrameLocation
Event: 88.137 Executing VM operation: GetFrameLocation done


Dynamic libraries:
0x00007ff648a90000 - 0x00007ff648a9d000 	C:\tools\eclipse-jee-2020-12-R-win32-x86_64\eclipse\plugins\org.eclipse.justj.openjdk.hotspot.jre.full.win32.x86_64_15.0.1.v20201027-0507\jre\bin\javaw.exe
0x00007ffc3b810000 - 0x00007ffc3ba24000 	C:\WINDOWS\SYSTEM32\ntdll.dll
0x00007ffc39660000 - 0x00007ffc39723000 	C:\WINDOWS\System32\KERNEL32.DLL
0x00007ffc38ef0000 - 0x00007ffc3928d000 	C:\WINDOWS\System32\KERNELBASE.dll
0x00007ffbf7030000 - 0x00007ffbf70ff000 	C:\Program Files\Bitdefender\Endpoint Security\bdhkm\dlls_266264461949502490\bdhkm64.dll
0x00007ffbf6f00000 - 0x00007ffbf702a000 	C:\Program Files\Bitdefender\Endpoint Security\atcuf\dlls_266178056257135600\atcuf64.dll
0x00007ffc38dd0000 - 0x00007ffc38ee1000 	C:\WINDOWS\System32\ucrtbase.dll
0x00007ffc335d0000 - 0x00007ffc335e8000 	C:\tools\eclipse-jee-2020-12-R-win32-x86_64\eclipse\plugins\org.eclipse.justj.openjdk.hotspot.jre.full.win32.x86_64_15.0.1.v20201027-0507\jre\bin\jli.dll
0x00007ffc3ac00000 - 0x00007ffc3adad000 	C:\WINDOWS\System32\USER32.dll
0x00007ffc39510000 - 0x00007ffc39536000 	C:\WINDOWS\System32\win32u.dll
0x00007ffc39730000 - 0x00007ffc39759000 	C:\WINDOWS\System32\GDI32.dll
0x00007ffc38c30000 - 0x00007ffc38d42000 	C:\WINDOWS\System32\gdi32full.dll
0x00007ffc39290000 - 0x00007ffc3932a000 	C:\WINDOWS\System32\msvcp_win.dll
0x00007ffc335b0000 - 0x00007ffc335c9000 	C:\tools\eclipse-jee-2020-12-R-win32-x86_64\eclipse\plugins\org.eclipse.justj.openjdk.hotspot.jre.full.win32.x86_64_15.0.1.v20201027-0507\jre\bin\VCRUNTIME140.dll
0x00007ffbe8950000 - 0x00007ffbe8bde000 	C:\WINDOWS\WinSxS\amd64_microsoft.windows.common-controls_6595b64144ccf1df_6.0.22621.608_none_a9444ca7c10bb01d\COMCTL32.dll
0x00007ffc39880000 - 0x00007ffc39927000 	C:\WINDOWS\System32\msvcrt.dll
0x00007ffc3a130000 - 0x00007ffc3a162000 	C:\WINDOWS\System32\IMM32.DLL
0x00007ffc32160000 - 0x00007ffc3216c000 	C:\tools\eclipse-jee-2020-12-R-win32-x86_64\eclipse\plugins\org.eclipse.justj.openjdk.hotspot.jre.full.win32.x86_64_15.0.1.v20201027-0507\jre\bin\vcruntime140_1.dll
0x00007ffc065b0000 - 0x00007ffc06641000 	C:\tools\eclipse-jee-2020-12-R-win32-x86_64\eclipse\plugins\org.eclipse.justj.openjdk.hotspot.jre.full.win32.x86_64_15.0.1.v20201027-0507\jre\bin\msvcp140.dll
0x00007ffb9c9a0000 - 0x00007ffb9d4fe000 	C:\tools\eclipse-jee-2020-12-R-win32-x86_64\eclipse\plugins\org.eclipse.justj.openjdk.hotspot.jre.full.win32.x86_64_15.0.1.v20201027-0507\jre\bin\server\jvm.dll
0x00007ffc3af20000 - 0x00007ffc3afce000 	C:\WINDOWS\System32\ADVAPI32.dll
0x00007ffc3a060000 - 0x00007ffc3a104000 	C:\WINDOWS\System32\sechost.dll
0x00007ffc3b040000 - 0x00007ffc3b155000 	C:\WINDOWS\System32\RPCRT4.dll
0x00007ffc39f50000 - 0x00007ffc39f58000 	C:\WINDOWS\System32\PSAPI.DLL
0x00007ffc2a720000 - 0x00007ffc2a729000 	C:\WINDOWS\SYSTEM32\WSOCK32.dll
0x00007ffc39fe0000 - 0x00007ffc3a051000 	C:\WINDOWS\System32\WS2_32.dll
0x00007ffc32e50000 - 0x00007ffc32e84000 	C:\WINDOWS\SYSTEM32\WINMM.dll
0x00007ffc33610000 - 0x00007ffc3361a000 	C:\WINDOWS\SYSTEM32\VERSION.dll
0x00007ffc37c90000 - 0x00007ffc37ca8000 	C:\WINDOWS\SYSTEM32\kernel.appcore.dll
0x00007ffbf6d10000 - 0x00007ffbf6d1a000 	C:\tools\eclipse-jee-2020-12-R-win32-x86_64\eclipse\plugins\org.eclipse.justj.openjdk.hotspot.jre.full.win32.x86_64_15.0.1.v20201027-0507\jre\bin\jimage.dll
0x00007ffc36720000 - 0x00007ffc3694e000 	C:\WINDOWS\SYSTEM32\DBGHELP.DLL
0x00007ffc3b160000 - 0x00007ffc3b4ea000 	C:\WINDOWS\System32\combase.dll
0x00007ffc3ae40000 - 0x00007ffc3af17000 	C:\WINDOWS\System32\OLEAUT32.dll
0x00007ffc32430000 - 0x00007ffc32462000 	C:\WINDOWS\SYSTEM32\dbgcore.DLL
0x00007ffc38d50000 - 0x00007ffc38dcb000 	C:\WINDOWS\System32\bcryptPrimitives.dll
0x00007ffbe43c0000 - 0x00007ffbe43f9000 	C:\tools\eclipse-jee-2020-12-R-win32-x86_64\eclipse\plugins\org.eclipse.justj.openjdk.hotspot.jre.full.win32.x86_64_15.0.1.v20201027-0507\jre\bin\jdwp.dll
0x00007ffc32150000 - 0x00007ffc3215e000 	C:\tools\eclipse-jee-2020-12-R-win32-x86_64\eclipse\plugins\org.eclipse.justj.openjdk.hotspot.jre.full.win32.x86_64_15.0.1.v20201027-0507\jre\bin\instrument.dll
0x00007ffb9fbb0000 - 0x00007ffb9fbd5000 	C:\tools\eclipse-jee-2020-12-R-win32-x86_64\eclipse\plugins\org.eclipse.justj.openjdk.hotspot.jre.full.win32.x86_64_15.0.1.v20201027-0507\jre\bin\java.dll
0x00007ffbc9740000 - 0x00007ffbc9758000 	C:\tools\eclipse-jee-2020-12-R-win32-x86_64\eclipse\plugins\org.eclipse.justj.openjdk.hotspot.jre.full.win32.x86_64_15.0.1.v20201027-0507\jre\bin\zip.dll
0x00007ffc3a3b0000 - 0x00007ffc3ab9f000 	C:\WINDOWS\System32\SHELL32.dll
0x00007ffc36bf0000 - 0x00007ffc374b8000 	C:\WINDOWS\SYSTEM32\windows.storage.dll
0x00007ffc36950000 - 0x00007ffc36a8e000 	C:\WINDOWS\SYSTEM32\wintypes.dll
0x00007ffc3a290000 - 0x00007ffc3a381000 	C:\WINDOWS\System32\SHCORE.dll
0x00007ffc3aba0000 - 0x00007ffc3abfe000 	C:\WINDOWS\System32\shlwapi.dll
0x00007ffc38b60000 - 0x00007ffc38b81000 	C:\WINDOWS\SYSTEM32\profapi.dll
0x00007ffc32140000 - 0x00007ffc3214b000 	C:\tools\eclipse-jee-2020-12-R-win32-x86_64\eclipse\plugins\org.eclipse.justj.openjdk.hotspot.jre.full.win32.x86_64_15.0.1.v20201027-0507\jre\bin\dt_socket.dll
0x00007ffc377c0000 - 0x00007ffc377ed000 	C:\WINDOWS\SYSTEM32\IPHLPAPI.DLL
0x00007ffc380f0000 - 0x00007ffc38159000 	C:\WINDOWS\system32\mswsock.dll
0x00007ffc377f0000 - 0x00007ffc378e2000 	C:\WINDOWS\SYSTEM32\DNSAPI.dll
0x00007ffc3a3a0000 - 0x00007ffc3a3a9000 	C:\WINDOWS\System32\NSI.dll
0x00007ffc31080000 - 0x00007ffc3108a000 	C:\Windows\System32\rasadhlp.dll
0x00007ffc31c20000 - 0x00007ffc31ca3000 	C:\WINDOWS\System32\fwpuclnt.dll
0x00007ffbd35a0000 - 0x00007ffbd35b9000 	C:\tools\eclipse-jee-2020-12-R-win32-x86_64\eclipse\plugins\org.eclipse.justj.openjdk.hotspot.jre.full.win32.x86_64_15.0.1.v20201027-0507\jre\bin\net.dll
0x00007ffc32f60000 - 0x00007ffc3308f000 	C:\WINDOWS\SYSTEM32\WINHTTP.dll
0x00007ffbd3580000 - 0x00007ffbd3592000 	C:\tools\eclipse-jee-2020-12-R-win32-x86_64\eclipse\plugins\org.eclipse.justj.openjdk.hotspot.jre.full.win32.x86_64_15.0.1.v20201027-0507\jre\bin\nio.dll
0x00007ffbf6120000 - 0x00007ffbf6130000 	C:\tools\eclipse-jee-2020-12-R-win32-x86_64\eclipse\plugins\org.eclipse.justj.openjdk.hotspot.jre.full.win32.x86_64_15.0.1.v20201027-0507\jre\bin\verify.dll
0x00007ffc0b060000 - 0x00007ffc0b069000 	C:\tools\eclipse-jee-2020-12-R-win32-x86_64\eclipse\plugins\org.eclipse.justj.openjdk.hotspot.jre.full.win32.x86_64_15.0.1.v20201027-0507\jre\bin\management.dll
0x00007ffc05e90000 - 0x00007ffc05e9b000 	C:\tools\eclipse-jee-2020-12-R-win32-x86_64\eclipse\plugins\org.eclipse.justj.openjdk.hotspot.jre.full.win32.x86_64_15.0.1.v20201027-0507\jre\bin\management_ext.dll
0x00007ffc0e900000 - 0x00007ffc0e917000 	C:\WINDOWS\system32\napinsp.dll
0x00007ffc0e8e0000 - 0x00007ffc0e8fb000 	C:\WINDOWS\system32\pnrpnsp.dll
0x00007ffc0e8c0000 - 0x00007ffc0e8d1000 	C:\WINDOWS\System32\winrnr.dll
0x00007ffc0e8a0000 - 0x00007ffc0e8b5000 	C:\WINDOWS\system32\wshbth.dll
0x00007ffc0e870000 - 0x00007ffc0e891000 	C:\WINDOWS\system32\nlansp_c.dll
0x00007ffc38340000 - 0x00007ffc3835b000 	C:\WINDOWS\SYSTEM32\CRYPTSP.dll
0x00007ffc37c00000 - 0x00007ffc37c35000 	C:\WINDOWS\system32\rsaenh.dll
0x00007ffc381e0000 - 0x00007ffc38208000 	C:\WINDOWS\SYSTEM32\USERENV.dll
0x00007ffc38500000 - 0x00007ffc38528000 	C:\WINDOWS\SYSTEM32\bcrypt.dll
0x00007ffc38360000 - 0x00007ffc3836c000 	C:\WINDOWS\SYSTEM32\CRYPTBASE.dll
0x00007ffc32d50000 - 0x00007ffc32d69000 	C:\WINDOWS\SYSTEM32\dhcpcsvc6.DLL
0x00007ffc328f0000 - 0x00007ffc3290f000 	C:\WINDOWS\SYSTEM32\dhcpcsvc.DLL
0x00007ffc366d0000 - 0x00007ffc366dd000 	C:\tools\eclipse-jee-2020-12-R-win32-x86_64\eclipse\plugins\org.eclipse.justj.openjdk.hotspot.jre.full.win32.x86_64_15.0.1.v20201027-0507\jre\bin\sunmscapi.dll
0x00007ffc39330000 - 0x00007ffc39496000 	C:\WINDOWS\System32\CRYPT32.dll
0x00007ffc384d0000 - 0x00007ffc384fd000 	C:\WINDOWS\SYSTEM32\ncrypt.dll
0x00007ffc38490000 - 0x00007ffc384c7000 	C:\WINDOWS\SYSTEM32\NTASN1.dll

dbghelp: loaded successfully - version: 4.0.5 - missing functions: none
symbol engine: initialized successfully - sym options: 0x614 - pdb path: .;C:\tools\eclipse-jee-2020-12-R-win32-x86_64\eclipse\plugins\org.eclipse.justj.openjdk.hotspot.jre.full.win32.x86_64_15.0.1.v20201027-0507\jre\bin;C:\WINDOWS\SYSTEM32;C:\Program Files\Bitdefender\Endpoint Security\bdhkm\dlls_266264461949502490;C:\Program Files\Bitdefender\Endpoint Security\atcuf\dlls_266178056257135600;C:\WINDOWS\WinSxS\amd64_microsoft.windows.common-controls_6595b64144ccf1df_6.0.22621.608_none_a9444ca7c10bb01d;C:\tools\eclipse-jee-2020-12-R-win32-x86_64\eclipse\plugins\org.eclipse.justj.openjdk.hotspot.jre.full.win32.x86_64_15.0.1.v20201027-0507\jre\bin\server

VM Arguments:
jvm_args: -XX:+ShowCodeDetailsInExceptionMessages -agentlib:jdwp=transport=dt_socket,suspend=y,address=localhost:57301 -javaagent:C:\tools\eclipse-jee-2020-12-R-win32-x86_64\eclipse\configuration\org.eclipse.osgi\405\0\.cp\lib\javaagent-shaded.jar -Dfile.encoding=UTF-8 
java_command: com.project.projectmanagement.ProjectManagementApplication
java_class_path (initial): J:\ProjectManagementApplication\ProjectManagement\target\classes;C:\Users\Ajmi\.m2\repository\org\springframework\boot\spring-boot-starter-data-jpa\2.7.7\spring-boot-starter-data-jpa-2.7.7.jar;C:\Users\Ajmi\.m2\repository\org\springframework\boot\spring-boot-starter-aop\2.7.7\spring-boot-starter-aop-2.7.7.jar;C:\Users\Ajmi\.m2\repository\org\springframework\spring-aop\5.3.24\spring-aop-5.3.24.jar;C:\Users\Ajmi\.m2\repository\org\aspectj\aspectjweaver\1.9.7\aspectjweaver-1.9.7.jar;C:\Users\Ajmi\.m2\repository\org\springframework\boot\spring-boot-starter-jdbc\2.7.7\spring-boot-starter-jdbc-2.7.7.jar;C:\Users\Ajmi\.m2\repository\com\zaxxer\HikariCP\4.0.3\HikariCP-4.0.3.jar;C:\Users\Ajmi\.m2\repository\org\springframework\spring-jdbc\5.3.24\spring-jdbc-5.3.24.jar;C:\Users\Ajmi\.m2\repository\jakarta\transaction\jakarta.transaction-api\1.3.3\jakarta.transaction-api-1.3.3.jar;C:\Users\Ajmi\.m2\repository\jakarta\persistence\jakarta.persistence-api\2.2.3\jakarta.persistence-api-2.2.3.jar;C:\Users\Ajmi\.m2\repository\org\hibernate\hibernate-core\5.6.14.Final\hibernate-core-5.6.14.Final.jar;C:\Users\Ajmi\.m2\repository\org\jboss\logging\jboss-logging\3.4.3.Final\jboss-logging-3.4.3.Final.jar;C:\Users\Ajmi\.m2\repository\net\bytebuddy\byte-buddy\1.12.20\byte-buddy-1.12.20.jar;C:\Users\Ajmi\.m2\repository\antlr\antlr\2.7.7\antlr-2.7.7.jar;C:\Users\Ajmi\.m2\repository\org\jboss\jandex\2.4.2.Final\jandex-2.4.2.Final.jar;C:\Users\Ajmi\.m2\repository\com\fasterxml\classmate\1.5.1\classmate-1.5.1.jar;C:\Users\Ajmi\.m2\repository\org\hibernate\common\hibernate-commons-annotations\5.1.2.Final\hibernate-commons-annotations-5.1.2.Final.jar;C:\Users\Ajmi\.m2\repository\org\glassfish\jaxb\jaxb-runtime\2.3.7\jaxb-runtime-2.3.7.jar;C:\Users\Ajmi\.m2\repository\org\glassfish\jaxb\txw2\2.3.7\txw2-2.3.7.jar;C:\Users\Ajmi\.m2\repository\com\sun\istack\istack-commons-runtime\3.0.12\istack-commons-runtime-3.0.12.jar;C:\Users\Ajmi\.m2\repository\com\sun\activation\jak
Launcher Type: SUN_STANDARD

[Global flags]
     intx CICompilerCount                          = 3                                         {product} {ergonomic}
     uint ConcGCThreads                            = 2                                         {product} {ergonomic}
     uint G1ConcRefinementThreads                  = 6                                         {product} {ergonomic}
   size_t G1HeapRegionSize                         = 2097152                                   {product} {ergonomic}
    uintx GCDrainStackTargetSize                   = 64                                        {product} {ergonomic}
   size_t InitialHeapSize                          = 199229440                                 {product} {ergonomic}
   size_t MarkStackSize                            = 4194304                                   {product} {ergonomic}
   size_t MaxHeapSize                              = 3168796672                                {product} {ergonomic}
   size_t MaxNewSize                               = 1900019712                                {product} {ergonomic}
   size_t MinHeapDeltaBytes                        = 2097152                                   {product} {ergonomic}
   size_t MinHeapSize                              = 8388608                                   {product} {ergonomic}
    uintx NonNMethodCodeHeapSize                   = 5832780                                {pd product} {ergonomic}
    uintx NonProfiledCodeHeapSize                  = 122912730                              {pd product} {ergonomic}
    uintx ProfiledCodeHeapSize                     = 122912730                              {pd product} {ergonomic}
    uintx ReservedCodeCacheSize                    = 251658240                              {pd product} {ergonomic}
     bool SegmentedCodeCache                       = true                                      {product} {ergonomic}
     bool ShowCodeDetailsInExceptionMessages       = true                                   {manageable} {command line}
   size_t SoftMaxHeapSize                          = 3168796672                             {manageable} {ergonomic}
     bool UseCompressedClassPointers               = true                                 {lp64_product} {ergonomic}
     bool UseCompressedOops                        = true                                 {lp64_product} {ergonomic}
     bool UseG1GC                                  = true                                      {product} {ergonomic}
     bool UseLargePagesIndividualAllocation        = false                                  {pd product} {ergonomic}

Logging:
Log output configuration:
 #0: stdout all=warning uptime,level,tags
 #1: stderr all=off uptime,level,tags

Environment Variables:
JAVA_HOME=C:\tools\jdk-15
PATH=C:\tools\eclipse-jee-2020-12-R-win32-x86_64\eclipse\plugins\org.eclipse.justj.openjdk.hotspot.jre.full.win32.x86_64_15.0.1.v20201027-0507\jre\bin;C:/tools/eclipse-jee-2020-12-R-win32-x86_64/eclipse//plugins/org.eclipse.justj.openjdk.hotspot.jre.full.win32.x86_64_15.0.1.v20201027-0507/jre/bin/server;C:/tools/eclipse-jee-2020-12-R-win32-x86_64/eclipse//plugins/org.eclipse.justj.openjdk.hotspot.jre.full.win32.x86_64_15.0.1.v20201027-0507/jre/bin;C:\Program Files (x86)\Common Files\Oracle\Java\javapath;C:\app\Ajmi\product\21c\dbhomeXE\bin;C:\Users\Ajmi\Downloads\WINDOWS.X64_193000_db_home\bin;C:\Program Files\Common Files\Oracle\Java\javapath;C:\Program Files\Eclipse Adoptium\jdk-17.0.4.101-hotspot\bin;C:\WINDOWS\system32;C:\WINDOWS;C:\WINDOWS\System32\Wbem;C:\WINDOWS\System32\WindowsPowerShell\v1.0\;C:\WINDOWS\System32\OpenSSH\;C:\Program Files\Git\cmd;C:\Program Files (x86)\Microsoft SQL Server\150\Tools\Binn\;C:\Program Files\Microsoft SQL Server\150\Tools\Binn\;C:\Program Files (x86)\Microsoft SQL Server\150\DTS\Binn\;C:\Program Files\Microsoft SQL Server\150\DTS\Binn\;C:\Program Files\Microsoft SQL Server\Client SDK\ODBC\170\Tools\Binn\;C:\Program Files\Azure Data Studio\bin;C:\ProgramData\chocolatey\bin;C:\Program Files\SourceGear\Common\DiffMerge\;C:\Users\Ajmi\AppData\Roaming\nvm;C:\Program Files\nodejs;C:\Program Files\TortoiseGit\bin;C:\tools\jdk-15\bin;C:\Users\Ajmi\AppData\Local\Volta\bin;C:\Users\Ajmi\Downloads\ojdbc14.jar;C:\Users\Ajmi\AppData\Local\Microsoft\WindowsApps;C:\Users\Ajmi\AppData\Local\Programs\Microsoft VS Code\bin;C:\Users\Ajmi\AppData\Roaming\nvm;C:\Program Files\nodejs;;C:\tools\eclipse-jee-2020-12-R-win32-x86_64\eclipse;
USERNAME=Ajmi
OS=Windows_NT
PROCESSOR_IDENTIFIER=Intel64 Family 6 Model 158 Stepping 10, GenuineIntel



---------------  S Y S T E M  ---------------

OS:
 Windows 10 , 64 bit Build 22621 (10.0.22621.963)
OS uptime: 9 days 5:16 hours

CPU: total 6 (initial active 6) (6 cores per cpu, 1 threads per core) family 6 model 158 stepping 10 microcode 0xde, cmov, cx8, fxsr, mmx, sse, sse2, sse3, ssse3, sse4.1, sse4.2, popcnt, vzeroupper, avx, avx2, aes, clmul, erms, rtm, 3dnowpref, lzcnt, tsc, tscinvbit, bmi1, bmi2, adx, fma, clflush, clflushopt

Memory: 4k page, system-wide physical 12084M (2517M free)
TotalPageFile size 20788M (AvailPageFile size 5580M)
current process WorkingSet (physical memory assigned to process): 278M, peak: 401M
current process commit charge ("private bytes"): 304M, peak: 429M

vm_info: OpenJDK 64-Bit Server VM (15.0.1+9-18) for windows-amd64 JRE (15.0.1+9-18), built on Sep 15 2020 14:39:31 by "mach5one" with unknown MS VC++:1925

END.
